-- Found ament_cmake: 1.3.9 (/opt/ros/humble/share/ament_cmake/cmake)
-- Found rclcpp: 16.0.9 (/opt/ros/humble/share/rclcpp/cmake)
-- Found rosidl_generator_c: 3.1.5 (/opt/ros/humble/share/rosidl_generator_c/cmake)
-- Found rosidl_adapter: 3.1.5 (/opt/ros/humble/share/rosidl_adapter/cmake)
-- Found rosidl_generator_cpp: 3.1.5 (/opt/ros/humble/share/rosidl_generator_cpp/cmake)
-- Using all available rosidl_typesupport_c: rosidl_typesupport_fastrtps_c;rosidl_typesupport_introspection_c
-- Using all available rosidl_typesupport_cpp: rosidl_typesupport_fastrtps_cpp;rosidl_typesupport_introspection_cpp
-- Found rmw_implementation_cmake: 6.1.2 (/opt/ros/humble/share/rmw_implementation_cmake/cmake)
-- Found rmw_fastrtps_cpp: 6.2.6 (/opt/ros/humble/share/rmw_fastrtps_cpp/cmake)
-- Using RMW implementation 'rmw_fastrtps_cpp' as default
-- Found ament_lint_auto: 0.12.11 (/opt/ros/humble/share/ament_lint_auto/cmake)
-- Added test 'cppcheck' to perform static code analysis on C / C++ code
-- Configured cppcheck include dirs: /home/blakepi/ros2_ws/src/robot_arm/include
-- Configured cppcheck exclude dirs and/or files: 
-- Added test 'flake8' to check Python code syntax and style conventions
-- Added test 'lint_cmake' to check CMake code style
-- Added test 'pep257' to check Python code against some of the docstring style conventions in PEP 257
-- Added test 'uncrustify' to check C / C++ code style
-- Configured uncrustify additional arguments: 
-- Added test 'xmllint' to check XML markup files
-- Configuring done
-- Generating done
-- Build files have been written to: /home/blakepi/ros2_ws/build/robot_arm
[35m[1mConsolidate compiler generated dependencies of target servo_node[0m
[35m[1mConsolidate compiler generated dependencies of target servo_publisher_node[0m
[35m[1mConsolidate compiler generated dependencies of target bluetooth_node[0m
[ 16%] [32mBuilding CXX object CMakeFiles/servo_publisher_node.dir/src/servo_publisher_node.cpp.o[0m
[ 33%] [32mBuilding CXX object CMakeFiles/bluetooth_node.dir/src/bluetooth_node.cpp.o[0m
[ 50%] [32mBuilding CXX object CMakeFiles/servo_node.dir/src/servo_controller.cpp.o[0m
In file included from [01m[K/home/blakepi/ros2_ws/src/robot_arm/src/bluetooth_node.cpp:9[m[K:
[01m[K/home/blakepi/ros2_ws/src/robot_arm/include/robot_arm/servo_config.hpp:17:1:[m[K [01;31m[Kerror: [m[Kâ€˜[01m[Kservo_init_position_[m[Kâ€™ does not name a type
   17 | [01;31m[Kservo_init_position_[m[K = {
      | [01;31m[K^~~~~~~~~~~~~~~~~~~~[m[K
[01m[K/home/blakepi/ros2_ws/src/robot_arm/src/bluetooth_node.cpp:34:41:[m[K [01;35m[Kwarning: [m[Kmissing initializer for member â€˜[01m[Ksockaddr_rc::rc_bdaddr[m[Kâ€™ [[01;35m[K]8;;https://gcc.gnu.org/onlinedocs/gcc/Warning-Options.html#index-Wmissing-field-initializers-Wmissing-field-initializers]8;;[m[K]
   34 |     struct sockaddr_rc local_addr = { 0 [01;35m[K}[m[K, rem_addr = { 0 };
      |                                         [01;35m[K^[m[K
[01m[K/home/blakepi/ros2_ws/src/robot_arm/src/bluetooth_node.cpp:34:41:[m[K [01;35m[Kwarning: [m[Kmissing initializer for member â€˜[01m[Ksockaddr_rc::rc_channel[m[Kâ€™ [[01;35m[K]8;;https://gcc.gnu.org/onlinedocs/gcc/Warning-Options.html#index-Wmissing-field-initializers-Wmissing-field-initializers]8;;[m[K]
[01m[K/home/blakepi/ros2_ws/src/robot_arm/src/bluetooth_node.cpp:34:59:[m[K [01;35m[Kwarning: [m[Kmissing initializer for member â€˜[01m[Ksockaddr_rc::rc_bdaddr[m[Kâ€™ [[01;35m[K]8;;https://gcc.gnu.org/onlinedocs/gcc/Warning-Options.html#index-Wmissing-field-initializers-Wmissing-field-initializers]8;;[m[K]
   34 |     struct sockaddr_rc local_addr = { 0 }, rem_addr = { 0 [01;35m[K}[m[K;
      |                                                           [01;35m[K^[m[K
[01m[K/home/blakepi/ros2_ws/src/robot_arm/src/bluetooth_node.cpp:34:59:[m[K [01;35m[Kwarning: [m[Kmissing initializer for member â€˜[01m[Ksockaddr_rc::rc_channel[m[Kâ€™ [[01;35m[K]8;;https://gcc.gnu.org/onlinedocs/gcc/Warning-Options.html#index-Wmissing-field-initializers-Wmissing-field-initializers]8;;[m[K]
In file included from [01m[K/home/blakepi/ros2_ws/src/robot_arm/src/servo_controller.cpp:7[m[K:
[01m[K/home/blakepi/ros2_ws/src/robot_arm/include/robot_arm/servo_config.hpp:17:1:[m[K [01;31m[Kerror: [m[Kâ€˜[01m[Kservo_init_position_[m[Kâ€™ does not name a type
   17 | [01;31m[Kservo_init_position_[m[K = {
      | [01;31m[K^~~~~~~~~~~~~~~~~~~~[m[K
gmake[2]: *** [CMakeFiles/bluetooth_node.dir/build.make:76: CMakeFiles/bluetooth_node.dir/src/bluetooth_node.cpp.o] Error 1
gmake[1]: *** [CMakeFiles/Makefile2:193: CMakeFiles/bluetooth_node.dir/all] Error 2
gmake[1]: *** Waiting for unfinished jobs....
[ 66%] [32m[1mLinking CXX executable servo_publisher_node[0m
[ 66%] Built target servo_publisher_node
gmake[2]: *** [CMakeFiles/servo_node.dir/build.make:76: CMakeFiles/servo_node.dir/src/servo_controller.cpp.o] Error 1
gmake[1]: *** [CMakeFiles/Makefile2:167: CMakeFiles/servo_node.dir/all] Error 2
gmake: *** [Makefile:146: all] Error 2
