[0.054s] Invoking command in '/home/blakepi/ros2_ws/build/robot_arm': CMAKE_PREFIX_PATH=${CMAKE_PREFIX_PATH}:/opt/ros/humble /usr/bin/cmake --build /home/blakepi/ros2_ws/build/robot_arm -- -j4 -l4
[0.149s] -- Found ament_cmake: 1.3.9 (/opt/ros/humble/share/ament_cmake/cmake)
[0.751s] -- Found rclcpp: 16.0.9 (/opt/ros/humble/share/rclcpp/cmake)
[0.927s] -- Found rosidl_generator_c: 3.1.5 (/opt/ros/humble/share/rosidl_generator_c/cmake)
[0.941s] -- Found rosidl_adapter: 3.1.5 (/opt/ros/humble/share/rosidl_adapter/cmake)
[0.975s] -- Found rosidl_generator_cpp: 3.1.5 (/opt/ros/humble/share/rosidl_generator_cpp/cmake)
[1.042s] -- Using all available rosidl_typesupport_c: rosidl_typesupport_fastrtps_c;rosidl_typesupport_introspection_c
[1.112s] -- Using all available rosidl_typesupport_cpp: rosidl_typesupport_fastrtps_cpp;rosidl_typesupport_introspection_cpp
[1.337s] -- Found rmw_implementation_cmake: 6.1.2 (/opt/ros/humble/share/rmw_implementation_cmake/cmake)
[1.343s] -- Found rmw_fastrtps_cpp: 6.2.6 (/opt/ros/humble/share/rmw_fastrtps_cpp/cmake)
[1.871s] -- Using RMW implementation 'rmw_fastrtps_cpp' as default
[2.510s] -- Found ament_lint_auto: 0.12.11 (/opt/ros/humble/share/ament_lint_auto/cmake)
[2.917s] -- Added test 'cppcheck' to perform static code analysis on C / C++ code
[2.918s] -- Configured cppcheck include dirs: /home/blakepi/ros2_ws/src/robot_arm/include
[2.919s] -- Configured cppcheck exclude dirs and/or files: 
[2.934s] -- Added test 'flake8' to check Python code syntax and style conventions
[2.964s] -- Added test 'lint_cmake' to check CMake code style
[2.980s] -- Added test 'pep257' to check Python code against some of the docstring style conventions in PEP 257
[3.097s] -- Added test 'uncrustify' to check C / C++ code style
[3.097s] -- Configured uncrustify additional arguments: 
[3.112s] -- Added test 'xmllint' to check XML markup files
[3.117s] -- Configuring done
[3.199s] -- Generating done
[3.208s] -- Build files have been written to: /home/blakepi/ros2_ws/build/robot_arm
[3.336s] [35m[1mConsolidate compiler generated dependencies of target servo_node[0m
[3.338s] [35m[1mConsolidate compiler generated dependencies of target servo_publisher_node[0m
[3.344s] [35m[1mConsolidate compiler generated dependencies of target bluetooth_node[0m
[3.496s] [ 16%] [32mBuilding CXX object CMakeFiles/servo_publisher_node.dir/src/servo_publisher_node.cpp.o[0m
[3.514s] [ 33%] [32mBuilding CXX object CMakeFiles/bluetooth_node.dir/src/bluetooth_node.cpp.o[0m
[3.530s] [ 50%] [32mBuilding CXX object CMakeFiles/servo_node.dir/src/servo_controller.cpp.o[0m
[18.682s] In file included from [01m[K/home/blakepi/ros2_ws/src/robot_arm/src/bluetooth_node.cpp:9[m[K:
[18.683s] [01m[K/home/blakepi/ros2_ws/src/robot_arm/include/robot_arm/servo_config.hpp:17:1:[m[K [01;31m[Kerror: [m[Kâ€˜[01m[Kservo_init_position_[m[Kâ€™ does not name a type
[18.683s]    17 | [01;31m[Kservo_init_position_[m[K = {
[18.684s]       | [01;31m[K^~~~~~~~~~~~~~~~~~~~[m[K
[18.751s] [01m[K/home/blakepi/ros2_ws/src/robot_arm/src/bluetooth_node.cpp:34:41:[m[K [01;35m[Kwarning: [m[Kmissing initializer for member â€˜[01m[Ksockaddr_rc::rc_bdaddr[m[Kâ€™ [[01;35m[K]8;;https://gcc.gnu.org/onlinedocs/gcc/Warning-Options.html#index-Wmissing-field-initializers-Wmissing-field-initializers]8;;[m[K]
[18.752s]    34 |     struct sockaddr_rc local_addr = { 0 [01;35m[K}[m[K, rem_addr = { 0 };
[18.752s]       |                                         [01;35m[K^[m[K
[18.753s] [01m[K/home/blakepi/ros2_ws/src/robot_arm/src/bluetooth_node.cpp:34:41:[m[K [01;35m[Kwarning: [m[Kmissing initializer for member â€˜[01m[Ksockaddr_rc::rc_channel[m[Kâ€™ [[01;35m[K]8;;https://gcc.gnu.org/onlinedocs/gcc/Warning-Options.html#index-Wmissing-field-initializers-Wmissing-field-initializers]8;;[m[K]
[18.754s] [01m[K/home/blakepi/ros2_ws/src/robot_arm/src/bluetooth_node.cpp:34:59:[m[K [01;35m[Kwarning: [m[Kmissing initializer for member â€˜[01m[Ksockaddr_rc::rc_bdaddr[m[Kâ€™ [[01;35m[K]8;;https://gcc.gnu.org/onlinedocs/gcc/Warning-Options.html#index-Wmissing-field-initializers-Wmissing-field-initializers]8;;[m[K]
[18.754s]    34 |     struct sockaddr_rc local_addr = { 0 }, rem_addr = { 0 [01;35m[K}[m[K;
[18.755s]       |                                                           [01;35m[K^[m[K
[18.756s] [01m[K/home/blakepi/ros2_ws/src/robot_arm/src/bluetooth_node.cpp:34:59:[m[K [01;35m[Kwarning: [m[Kmissing initializer for member â€˜[01m[Ksockaddr_rc::rc_channel[m[Kâ€™ [[01;35m[K]8;;https://gcc.gnu.org/onlinedocs/gcc/Warning-Options.html#index-Wmissing-field-initializers-Wmissing-field-initializers]8;;[m[K]
[19.290s] In file included from [01m[K/home/blakepi/ros2_ws/src/robot_arm/src/servo_controller.cpp:7[m[K:
[19.292s] [01m[K/home/blakepi/ros2_ws/src/robot_arm/include/robot_arm/servo_config.hpp:17:1:[m[K [01;31m[Kerror: [m[Kâ€˜[01m[Kservo_init_position_[m[Kâ€™ does not name a type
[19.295s]    17 | [01;31m[Kservo_init_position_[m[K = {
[19.297s]       | [01;31m[K^~~~~~~~~~~~~~~~~~~~[m[K
[23.131s] gmake[2]: *** [CMakeFiles/bluetooth_node.dir/build.make:76: CMakeFiles/bluetooth_node.dir/src/bluetooth_node.cpp.o] Error 1
[23.133s] gmake[1]: *** [CMakeFiles/Makefile2:193: CMakeFiles/bluetooth_node.dir/all] Error 2
[23.133s] gmake[1]: *** Waiting for unfinished jobs....
[29.008s] [ 66%] [32m[1mLinking CXX executable servo_publisher_node[0m
[30.075s] [ 66%] Built target servo_publisher_node
[30.760s] gmake[2]: *** [CMakeFiles/servo_node.dir/build.make:76: CMakeFiles/servo_node.dir/src/servo_controller.cpp.o] Error 1
[30.762s] gmake[1]: *** [CMakeFiles/Makefile2:167: CMakeFiles/servo_node.dir/all] Error 2
[30.763s] gmake: *** [Makefile:146: all] Error 2
[30.769s] Invoked command in '/home/blakepi/ros2_ws/build/robot_arm' returned '2': CMAKE_PREFIX_PATH=${CMAKE_PREFIX_PATH}:/opt/ros/humble /usr/bin/cmake --build /home/blakepi/ros2_ws/build/robot_arm -- -j4 -l4
