[0.049s] Invoking command in '/home/blakepi/ros2_ws/build/robot_arm': CMAKE_PREFIX_PATH=${CMAKE_PREFIX_PATH}:/opt/ros/humble /usr/bin/cmake --build /home/blakepi/ros2_ws/build/robot_arm -- -j4 -l4
[0.215s] [35m[1mConsolidate compiler generated dependencies of target minimal_cpp_node[0m
[0.296s] [ 50%] [32mBuilding CXX object CMakeFiles/minimal_cpp_node.dir/src/test_node.cpp.o[0m
[9.545s] [01m[K/home/blakepi/ros2_ws/src/robot_arm/src/test_node.cpp:[m[K In constructor â€˜[01m[KTestNode::TestNode()[m[Kâ€™:
[9.546s] [01m[K/home/blakepi/ros2_ws/src/robot_arm/src/test_node.cpp:6:13:[m[K [01;31m[Kerror: [m[Kâ€˜[01m[Ktimer_[m[Kâ€™ was not declared in this scope; did you mean â€˜[01m[Ktimer_t[m[Kâ€™?
[9.546s]     6 |             [01;31m[Ktimer_[m[K = this->create_wall_time(
[9.546s]       |             [01;31m[K^~~~~~[m[K
[9.547s]       |             [32m[Ktimer_t[m[K
[9.547s] [01m[K/home/blakepi/ros2_ws/src/robot_arm/src/test_node.cpp:6:28:[m[K [01;31m[Kerror: [m[Kâ€˜[01m[Kclass TestNode[m[Kâ€™ has no member named â€˜[01m[Kcreate_wall_time[m[Kâ€™; did you mean â€˜[01m[Kcreate_wall_timer[m[Kâ€™?
[9.548s]     6 |             timer_ = this->[01;31m[Kcreate_wall_time[m[K(
[9.548s]       |                            [01;31m[K^~~~~~~~~~~~~~~~[m[K
[9.548s]       |                            [32m[Kcreate_wall_timer[m[K
[9.561s] [01m[K/home/blakepi/ros2_ws/src/robot_arm/src/test_node.cpp:[m[K In member function â€˜[01m[Kvoid TestNode::timerCallback()[m[Kâ€™:
[9.561s] [01m[K/home/blakepi/ros2_ws/src/robot_arm/src/test_node.cpp:15:9:[m[K [01;31m[Kerror: [m[Kexpected â€˜[01m[K;[m[Kâ€™ before â€˜[01m[K}[m[Kâ€™ token
[9.561s]    15 |         [01;31m[K}[m[K
[9.562s]       |         [01;31m[K^[m[K
[11.081s] gmake[2]: *** [CMakeFiles/minimal_cpp_node.dir/build.make:76: CMakeFiles/minimal_cpp_node.dir/src/test_node.cpp.o] Error 1
[11.082s] gmake[1]: *** [CMakeFiles/Makefile2:137: CMakeFiles/minimal_cpp_node.dir/all] Error 2
[11.083s] gmake: *** [Makefile:146: all] Error 2
[11.089s] Invoked command in '/home/blakepi/ros2_ws/build/robot_arm' returned '2': CMAKE_PREFIX_PATH=${CMAKE_PREFIX_PATH}:/opt/ros/humble /usr/bin/cmake --build /home/blakepi/ros2_ws/build/robot_arm -- -j4 -l4
