[0.051s] Invoking command in '/home/blakepi/ros2_ws/build/interface': CMAKE_PREFIX_PATH=${CMAKE_PREFIX_PATH}:/home/blakepi/ros2_ws/install/python_pkgs:/home/blakepi/ros2_ws/install/bluetooth_communication:/opt/ros/humble /usr/bin/cmake --build /home/blakepi/ros2_ws/build/interface -- -j4 -l4
[0.164s] -- Found ament_cmake: 1.3.9 (/opt/ros/humble/share/ament_cmake/cmake)
[0.833s] -- Found rclcpp: 16.0.9 (/opt/ros/humble/share/rclcpp/cmake)
[0.966s] -- Found rosidl_generator_c: 3.1.5 (/opt/ros/humble/share/rosidl_generator_c/cmake)
[0.977s] -- Found rosidl_adapter: 3.1.5 (/opt/ros/humble/share/rosidl_adapter/cmake)
[1.002s] -- Found rosidl_generator_cpp: 3.1.5 (/opt/ros/humble/share/rosidl_generator_cpp/cmake)
[1.047s] -- Using all available rosidl_typesupport_c: rosidl_typesupport_fastrtps_c;rosidl_typesupport_introspection_c
[1.110s] -- Using all available rosidl_typesupport_cpp: rosidl_typesupport_fastrtps_cpp;rosidl_typesupport_introspection_cpp
[1.360s] -- Found rmw_implementation_cmake: 6.1.2 (/opt/ros/humble/share/rmw_implementation_cmake/cmake)
[1.366s] -- Found rmw_fastrtps_cpp: 6.2.6 (/opt/ros/humble/share/rmw_fastrtps_cpp/cmake)
[1.911s] -- Using RMW implementation 'rmw_fastrtps_cpp' as default
[2.522s] -- Found rosidl_default_generators: 1.2.0 (/opt/ros/humble/share/rosidl_default_generators/cmake)
[3.273s] [31mCMake Error at /opt/ros/humble/share/rosidl_adapter/cmake/rosidl_adapt_interfaces.cmake:59 (message):
[3.273s]   execute_process(/usr/bin/python3 -m rosidl_adapter --package-name interface
[3.274s]   --arguments-file
[3.274s]   /home/blakepi/ros2_ws/build/interface/rosidl_adapter__arguments__interface.json
[3.275s]   --output-dir /home/blakepi/ros2_ws/build/interface/rosidl_adapter/interface
[3.275s]   --output-file
[3.276s]   /home/blakepi/ros2_ws/build/interface/rosidl_adapter/interface.idls)
[3.276s]   returned error code 1:
[3.277s] 
[3.278s]   Error processing 'float64 previousDegree' of
[3.278s]   'interface/ServoMotorStateChange': ''previousDegree' is an invalid field
[3.279s]   name.  It should have the pattern '^(?!.*__)(?!.*_$)[a-z][a-z0-9_]*$''
[3.280s] 
[3.280s]   Traceback (most recent call last):
[3.281s] 
[3.282s]     File "/usr/lib/python3.10/runpy.py", line 196, in _run_module_as_main
[3.283s]       return _run_code(code, main_globals, None,
[3.285s]     File "/usr/lib/python3.10/runpy.py", line 86, in _run_code
[3.286s]       exec(code, run_globals)
[3.287s]     File "/opt/ros/humble/local/lib/python3.10/dist-packages/rosidl_adapter/__main__.py", line 19, in <module>
[3.287s]       sys.exit(main())
[3.288s]     File "/opt/ros/humble/local/lib/python3.10/dist-packages/rosidl_adapter/main.py", line 53, in main
[3.289s]       abs_idl_file = convert_to_idl(
[3.290s]     File "/opt/ros/humble/local/lib/python3.10/dist-packages/rosidl_adapter/__init__.py", line 19, in convert_to_idl
[3.292s]       return convert_msg_to_idl(
[3.294s]     File "/opt/ros/humble/local/lib/python3.10/dist-packages/rosidl_adapter/msg/__init__.py", line 28, in convert_msg_to_idl
[3.295s]       msg = parse_message_string(package_name, input_file.stem, content)
[3.296s]     File "/opt/ros/humble/local/lib/python3.10/dist-packages/rosidl_adapter/parser.py", line 519, in parse_message_string
[3.296s]       fields.append(Field(
[3.298s]     File "/opt/ros/humble/local/lib/python3.10/dist-packages/rosidl_adapter/parser.py", line 354, in __init__
[3.300s]       raise NameError(
[3.302s] 
[3.303s]   NameError: 'previousDegree' is an invalid field name.  It should have the
[3.303s]   pattern '^(?!.*__)(?!.*_$)[a-z][a-z0-9_]*$'
[3.304s] 
[3.304s] Call Stack (most recent call first):
[3.305s]   /opt/ros/humble/share/rosidl_cmake/cmake/rosidl_generate_interfaces.cmake:130 (rosidl_adapt_interfaces)
[3.305s]   CMakeLists.txt:22 (rosidl_generate_interfaces)
[3.306s] 
[3.307s] [0m
[3.307s] -- Configuring incomplete, errors occurred!
[3.308s] See also "/home/blakepi/ros2_ws/build/interface/CMakeFiles/CMakeOutput.log".
[3.309s] gmake: *** [Makefile:747: cmake_check_build_system] Error 1
[3.315s] Invoked command in '/home/blakepi/ros2_ws/build/interface' returned '2': CMAKE_PREFIX_PATH=${CMAKE_PREFIX_PATH}:/home/blakepi/ros2_ws/install/python_pkgs:/home/blakepi/ros2_ws/install/bluetooth_communication:/opt/ros/humble /usr/bin/cmake --build /home/blakepi/ros2_ws/build/interface -- -j4 -l4
