[01m[K/home/blakepi/ros2_ws/src/robot_arm/src/test_node.cpp:[m[K In constructor â€˜[01m[KTestNode::TestNode()[m[Kâ€™:
[01m[K/home/blakepi/ros2_ws/src/robot_arm/src/test_node.cpp:6:28:[m[K [01;31m[Kerror: [m[Kâ€˜[01m[Kclass TestNode[m[Kâ€™ has no member named â€˜[01m[Kcreate_wall_time[m[Kâ€™; did you mean â€˜[01m[Kcreate_wall_timer[m[Kâ€™?
    6 |             timer_ = this->[01;31m[Kcreate_wall_time[m[K(
      |                            [01;31m[K^~~~~~~~~~~~~~~~[m[K
      |                            [32m[Kcreate_wall_timer[m[K
gmake[2]: *** [CMakeFiles/minimal_cpp_node.dir/build.make:76: CMakeFiles/minimal_cpp_node.dir/src/test_node.cpp.o] Error 1
gmake[1]: *** [CMakeFiles/Makefile2:137: CMakeFiles/minimal_cpp_node.dir/all] Error 2
gmake: *** [Makefile:146: all] Error 2
