-- Found ament_cmake: 1.3.9 (/opt/ros/humble/share/ament_cmake/cmake)
-- Found rclcpp: 16.0.9 (/opt/ros/humble/share/rclcpp/cmake)
-- Found rosidl_generator_c: 3.1.5 (/opt/ros/humble/share/rosidl_generator_c/cmake)
-- Found rosidl_adapter: 3.1.5 (/opt/ros/humble/share/rosidl_adapter/cmake)
-- Found rosidl_generator_cpp: 3.1.5 (/opt/ros/humble/share/rosidl_generator_cpp/cmake)
-- Using all available rosidl_typesupport_c: rosidl_typesupport_fastrtps_c;rosidl_typesupport_introspection_c
-- Using all available rosidl_typesupport_cpp: rosidl_typesupport_fastrtps_cpp;rosidl_typesupport_introspection_cpp
-- Found rmw_implementation_cmake: 6.1.2 (/opt/ros/humble/share/rmw_implementation_cmake/cmake)
-- Found rmw_fastrtps_cpp: 6.2.6 (/opt/ros/humble/share/rmw_fastrtps_cpp/cmake)
-- Using RMW implementation 'rmw_fastrtps_cpp' as default
-- Found interface: 0.0.0 (/home/blakepi/ros2_ws/install/interface/share/interface/cmake)
-- Found ament_lint_auto: 0.12.11 (/opt/ros/humble/share/ament_lint_auto/cmake)
-- Added test 'cppcheck' to perform static code analysis on C / C++ code
-- Configured cppcheck include dirs: /home/blakepi/ros2_ws/src/robot_arm/include
-- Configured cppcheck exclude dirs and/or files: 
-- Added test 'flake8' to check Python code syntax and style conventions
-- Added test 'lint_cmake' to check CMake code style
-- Added test 'pep257' to check Python code against some of the docstring style conventions in PEP 257
-- Added test 'uncrustify' to check C / C++ code style
-- Configured uncrustify additional arguments: 
-- Added test 'xmllint' to check XML markup files
-- Configuring done
-- Generating done
-- Build files have been written to: /home/blakepi/ros2_ws/build/robot_arm
[35m[1mConsolidate compiler generated dependencies of target servo_publisher_node[0m
[35m[1mConsolidate compiler generated dependencies of target bluetooth_node[0m
[ 16%] [32mBuilding CXX object CMakeFiles/servo_node.dir/src/servo_controller.cpp.o[0m
[ 50%] Built target servo_publisher_node
[ 83%] Built target bluetooth_node
[01m[K/home/blakepi/ros2_ws/src/robot_arm/src/servo_controller.cpp:89:23:[m[K [01;31m[Kerror: [m[Kâ€˜[01m[Krobot_arm[m[Kâ€™ was not declared in this scope
   89 |     rclcpp::Publisher<[01;31m[Krobot_arm[m[K::msg::ServoMotorState>::SharedPtr publisher_;
      |                       [01;31m[K^~~~~~~~~[m[K
[01m[K/home/blakepi/ros2_ws/src/robot_arm/src/servo_controller.cpp:89:54:[m[K [01;31m[Kerror: [m[Ktemplate argument 1 is invalid
   89 |     rclcpp::Publisher<robot_arm::msg::ServoMotorState[01;31m[K>[m[K::SharedPtr publisher_;
      |                                                      [01;31m[K^[m[K
[01m[K/home/blakepi/ros2_ws/src/robot_arm/src/servo_controller.cpp:89:57:[m[K [01;31m[Kerror: [m[Kexpected â€˜[01m[K;[m[Kâ€™ at end of member declaration
   89 |     rclcpp::Publisher<robot_arm::msg::ServoMotorState>::[01;31m[KSharedPtr[m[K publisher_;
      |                                                         [01;31m[K^~~~~~~~~[m[K
      |                                                                  [32m[K;[m[K
[01m[K/home/blakepi/ros2_ws/src/robot_arm/src/servo_controller.cpp:89:67:[m[K [01;31m[Kerror: [m[Kâ€˜[01m[Kpublisher_[m[Kâ€™ does not name a type; did you mean â€˜[01m[Krmw_publisher_t[m[Kâ€™?
   89 |     rclcpp::Publisher<robot_arm::msg::ServoMotorState>::SharedPtr [01;31m[Kpublisher_[m[K;
      |                                                                   [01;31m[K^~~~~~~~~~[m[K
      |                                                                   [32m[Krmw_publisher_t[m[K
[01m[K/home/blakepi/ros2_ws/src/robot_arm/src/servo_controller.cpp:[m[K In constructor â€˜[01m[KServoNode::ServoNode()[m[Kâ€™:
[01m[K/home/blakepi/ros2_ws/src/robot_arm/src/servo_controller.cpp:30:9:[m[K [01;31m[Kerror: [m[Kâ€˜[01m[Kpublisher_[m[Kâ€™ was not declared in this scope; did you mean â€˜[01m[Krmw_publisher_t[m[Kâ€™?
   30 |         [01;31m[Kpublisher_[m[K = this->create_publisher<robot_arm::msg::ServoMotorState>("", 0.0);
      |         [01;31m[K^~~~~~~~~~[m[K
      |         [32m[Krmw_publisher_t[m[K
[01m[K/home/blakepi/ros2_ws/src/robot_arm/src/servo_controller.cpp:30:45:[m[K [01;31m[Kerror: [m[Kâ€˜[01m[Krobot_arm[m[Kâ€™ was not declared in this scope
   30 |         publisher_ = this->create_publisher<[01;31m[Krobot_arm[m[K::msg::ServoMotorState>("", 0.0);
      |                                             [01;31m[K^~~~~~~~~[m[K
[01m[K/home/blakepi/ros2_ws/src/robot_arm/src/servo_controller.cpp:30:28:[m[K [01;31m[Kerror: [m[Kparse error in template argument list
   30 |         publisher_ = this->[01;31m[Kcreate_publisher<robot_arm::msg::ServoMotorState>[m[K("", 0.0);
      |                            [01;31m[K^~~~~~~~~~~~~~~~~~~~~~~~~~~~~~~~~~~~~~~~~~~~~~~~~[m[K
[01m[K/home/blakepi/ros2_ws/src/robot_arm/src/servo_controller.cpp:30:77:[m[K [01;31m[Kerror: [m[Kno matching function for call to â€˜[01m[KServoNode::create_publisher<<expression error> >(const char [1], double)[m[Kâ€™
   30 |         publisher_ = [01;31m[Kthis->create_publisher<robot_arm::msg::ServoMotorState>("", 0.0)[m[K;
      |                      [01;31m[K~~~~~~~~~~~~~~~~~~~~~~~~~~~~~~~~~~~~~~~~~~~~~~~~~~~~~~~^~~~~~~~~[m[K
In file included from [01m[K/opt/ros/humble/include/rclcpp/rclcpp/executors/single_threaded_executor.hpp:28[m[K,
                 from [01m[K/opt/ros/humble/include/rclcpp/rclcpp/executors.hpp:22[m[K,
                 from [01m[K/opt/ros/humble/include/rclcpp/rclcpp/rclcpp.hpp:155[m[K,
                 from [01m[K/home/blakepi/ros2_ws/src/robot_arm/src/servo_controller.cpp:1[m[K:
[01m[K/opt/ros/humble/include/rclcpp/rclcpp/node.hpp:195:3:[m[K [01;36m[Knote: [m[Kcandidate: â€˜[01m[Ktemplate<class MessageT, class AllocatorT, class PublisherT> std::shared_ptr<PublisherT> rclcpp::Node::create_publisher(const string&, const rclcpp::QoS&, const rclcpp::PublisherOptionsWithAllocator<AllocatorT>&)[m[Kâ€™
  195 |   [01;36m[Kcreate_publisher[m[K(
      |   [01;36m[K^~~~~~~~~~~~~~~~[m[K
[01m[K/opt/ros/humble/include/rclcpp/rclcpp/node.hpp:195:3:[m[K [01;36m[Knote: [m[K  template argument deduction/substitution failed:
[01m[K/home/blakepi/ros2_ws/src/robot_arm/src/servo_controller.cpp:30:77:[m[K [01;31m[Kerror: [m[Ktemplate argument 1 is invalid
   30 |         publisher_ = [01;31m[Kthis->create_publisher<robot_arm::msg::ServoMotorState>("", 0.0)[m[K;
      |                      [01;31m[K~~~~~~~~~~~~~~~~~~~~~~~~~~~~~~~~~~~~~~~~~~~~~~~~~~~~~~~^~~~~~~~~[m[K
In file included from [01m[K/opt/ros/humble/include/rclcpp/rclcpp/logging.hpp:24[m[K,
                 from [01m[K/opt/ros/humble/include/rclcpp/rclcpp/client.hpp:40[m[K,
                 from [01m[K/opt/ros/humble/include/rclcpp/rclcpp/callback_group.hpp:24[m[K,
                 from [01m[K/opt/ros/humble/include/rclcpp/rclcpp/any_executable.hpp:20[m[K,
                 from [01m[K/opt/ros/humble/include/rclcpp/rclcpp/memory_strategy.hpp:25[m[K,
                 from [01m[K/opt/ros/humble/include/rclcpp/rclcpp/memory_strategies.hpp:18[m[K,
                 from [01m[K/opt/ros/humble/include/rclcpp/rclcpp/executor_options.hpp:20[m[K,
                 from [01m[K/opt/ros/humble/include/rclcpp/rclcpp/executor.hpp:37[m[K,
                 from [01m[K/opt/ros/humble/include/rclcpp/rclcpp/executors/multi_threaded_executor.hpp:25[m[K,
                 from [01m[K/opt/ros/humble/include/rclcpp/rclcpp/executors.hpp:21[m[K,
                 from [01m[K/opt/ros/humble/include/rclcpp/rclcpp/rclcpp.hpp:155[m[K,
                 from [01m[K/home/blakepi/ros2_ws/src/robot_arm/src/servo_controller.cpp:1[m[K:
[01m[K/home/blakepi/ros2_ws/src/robot_arm/src/servo_controller.cpp:[m[K In member function â€˜[01m[Kvoid ServoNode::adjustServo(std::string, int, double)[m[Kâ€™:
[01m[K/home/blakepi/ros2_ws/src/robot_arm/src/servo_controller.cpp:72:41:[m[K [01;35m[Kwarning: [m[Kformat â€˜[01m[K%s[m[Kâ€™ expects argument of type â€˜[01m[Kchar*[m[Kâ€™, but argument 5 has type â€˜[01m[Kstd::string[m[Kâ€™ {aka â€˜[01m[Kstd::__cxx11::basic_string<char>[m[Kâ€™} [[01;35m[K]8;;https://gcc.gnu.org/onlinedocs/gcc/Warning-Options.html#index-Wformat=-Wformat=]8;;[m[K]
   72 |         RCLCPP_INFO(this->get_logger(), [01;35m[K"Adjusting servo %s to PWM value: %d"[m[K, servo_name, position);
      |                                         [01;35m[K^~~~~~~~~~~~~~~~~~~~~~~~~~~~~~~~~~~~~[m[K
[01m[K/home/blakepi/ros2_ws/src/robot_arm/src/servo_controller.cpp:72:59:[m[K [01;36m[Knote: [m[Kformat string is defined here
   72 |         RCLCPP_INFO(this->get_logger(), "Adjusting servo [01;36m[K%s[m[K to PWM value: %d", servo_name, position);
      |                                                          [01;36m[K~^[m[K
      |                                                           [01;36m[K|[m[K
      |                                                           [01;36m[Kchar*[m[K
In file included from [01m[K/opt/ros/humble/include/rclcpp/rclcpp/logging.hpp:24[m[K,
                 from [01m[K/opt/ros/humble/include/rclcpp/rclcpp/client.hpp:40[m[K,
                 from [01m[K/opt/ros/humble/include/rclcpp/rclcpp/callback_group.hpp:24[m[K,
                 from [01m[K/opt/ros/humble/include/rclcpp/rclcpp/any_executable.hpp:20[m[K,
                 from [01m[K/opt/ros/humble/include/rclcpp/rclcpp/memory_strategy.hpp:25[m[K,
                 from [01m[K/opt/ros/humble/include/rclcpp/rclcpp/memory_strategies.hpp:18[m[K,
                 from [01m[K/opt/ros/humble/include/rclcpp/rclcpp/executor_options.hpp:20[m[K,
                 from [01m[K/opt/ros/humble/include/rclcpp/rclcpp/executor.hpp:37[m[K,
                 from [01m[K/opt/ros/humble/include/rclcpp/rclcpp/executors/multi_threaded_executor.hpp:25[m[K,
                 from [01m[K/opt/ros/humble/include/rclcpp/rclcpp/executors.hpp:21[m[K,
                 from [01m[K/opt/ros/humble/include/rclcpp/rclcpp/rclcpp.hpp:155[m[K,
                 from [01m[K/home/blakepi/ros2_ws/src/robot_arm/src/servo_controller.cpp:1[m[K:
[01m[K/home/blakepi/ros2_ws/src/robot_arm/src/servo_controller.cpp:72:41:[m[K [01;35m[Kwarning: [m[Kformat â€˜[01m[K%d[m[Kâ€™ expects argument of type â€˜[01m[Kint[m[Kâ€™, but argument 6 has type â€˜[01m[Kdouble[m[Kâ€™ [[01;35m[K]8;;https://gcc.gnu.org/onlinedocs/gcc/Warning-Options.html#index-Wformat=-Wformat=]8;;[m[K]
   72 |         RCLCPP_INFO(this->get_logger(), [01;35m[K"Adjusting servo %s to PWM value: %d"[m[K, servo_name, [32m[Kposition[m[K);
      |                                         [01;35m[K^~~~~~~~~~~~~~~~~~~~~~~~~~~~~~~~~~~~~[m[K              [32m[K~~~~~~~~[m[K
      |                                                                                            [32m[K|[m[K
      |                                                                                            [32m[Kdouble[m[K
[01m[K/home/blakepi/ros2_ws/src/robot_arm/src/servo_controller.cpp:72:76:[m[K [01;36m[Knote: [m[Kformat string is defined here
   72 |         RCLCPP_INFO(this->get_logger(), "Adjusting servo %s to PWM value: [01;36m[K%d[m[K", servo_name, position);
      |                                                                           [01;36m[K~^[m[K
      |                                                                            [01;36m[K|[m[K
      |                                                                            [01;36m[Kint[m[K
      |                                                                           [32m[K%f[m[K
[01m[K/home/blakepi/ros2_ws/src/robot_arm/src/servo_controller.cpp:[m[K In member function â€˜[01m[Kvoid ServoNode::publish_servo_motor_state_change(std::string, double)[m[Kâ€™:
[01m[K/home/blakepi/ros2_ws/src/robot_arm/src/servo_controller.cpp:81:24:[m[K [01;31m[Kerror: [m[Kâ€˜[01m[Kmy_robot_msgs[m[Kâ€™ has not been declared
   81 |         auto message = [01;31m[Kmy_robot_msgs[m[K::msg::ServoMotorState(servo_name, value);
      |                        [01;31m[K^~~~~~~~~~~~~[m[K
[01m[K/home/blakepi/ros2_ws/src/robot_arm/src/servo_controller.cpp:83:9:[m[K [01;31m[Kerror: [m[Kâ€˜[01m[Kpublisher_[m[Kâ€™ was not declared in this scope; did you mean â€˜[01m[Krmw_publisher_t[m[Kâ€™?
   83 |         [01;31m[Kpublisher_[m[K->publish(message);
      |         [01;31m[K^~~~~~~~~~[m[K
      |         [32m[Krmw_publisher_t[m[K
gmake[2]: *** [CMakeFiles/servo_node.dir/build.make:76: CMakeFiles/servo_node.dir/src/servo_controller.cpp.o] Error 1
gmake[1]: *** [CMakeFiles/Makefile2:167: CMakeFiles/servo_node.dir/all] Error 2
gmake: *** [Makefile:146: all] Error 2
