[0.132s] Invoking command in '/home/blakepi/ros2_ws/build/robot_arm': AMENT_PREFIX_PATH=/home/blakepi/ros2_ws/install/interface:${AMENT_PREFIX_PATH} CMAKE_PREFIX_PATH=/home/blakepi/ros2_ws/install/interface:/home/blakepi/ros2_ws/install/robot_arm:/home/blakepi/ros2_ws/install/python_pkgs:/opt/ros/humble LD_LIBRARY_PATH=/home/blakepi/ros2_ws/install/interface/lib:${LD_LIBRARY_PATH} PYTHONPATH=/home/blakepi/ros2_ws/install/interface/local/lib/python3.10/dist-packages:${PYTHONPATH} /usr/bin/cmake --build /home/blakepi/ros2_ws/build/robot_arm -- -j4 -l4
[0.305s] -- Found ament_cmake: 1.3.9 (/opt/ros/humble/share/ament_cmake/cmake)
[1.010s] -- Found rclcpp: 16.0.9 (/opt/ros/humble/share/rclcpp/cmake)
[1.186s] -- Found rosidl_generator_c: 3.1.5 (/opt/ros/humble/share/rosidl_generator_c/cmake)
[1.201s] -- Found rosidl_adapter: 3.1.5 (/opt/ros/humble/share/rosidl_adapter/cmake)
[1.237s] -- Found rosidl_generator_cpp: 3.1.5 (/opt/ros/humble/share/rosidl_generator_cpp/cmake)
[1.300s] -- Using all available rosidl_typesupport_c: rosidl_typesupport_fastrtps_c;rosidl_typesupport_introspection_c
[1.390s] -- Using all available rosidl_typesupport_cpp: rosidl_typesupport_fastrtps_cpp;rosidl_typesupport_introspection_cpp
[1.704s] -- Found rmw_implementation_cmake: 6.1.2 (/opt/ros/humble/share/rmw_implementation_cmake/cmake)
[1.714s] -- Found rmw_fastrtps_cpp: 6.2.6 (/opt/ros/humble/share/rmw_fastrtps_cpp/cmake)
[2.334s] -- Using RMW implementation 'rmw_fastrtps_cpp' as default
[3.017s] -- Found interface: 0.0.0 (/home/blakepi/ros2_ws/install/interface/share/interface/cmake)
[3.115s] -- Found ament_lint_auto: 0.12.11 (/opt/ros/humble/share/ament_lint_auto/cmake)
[3.547s] -- Added test 'cppcheck' to perform static code analysis on C / C++ code
[3.549s] -- Configured cppcheck include dirs: /home/blakepi/ros2_ws/src/robot_arm/include
[3.549s] -- Configured cppcheck exclude dirs and/or files: 
[3.566s] -- Added test 'flake8' to check Python code syntax and style conventions
[3.597s] -- Added test 'lint_cmake' to check CMake code style
[3.614s] -- Added test 'pep257' to check Python code against some of the docstring style conventions in PEP 257
[3.733s] -- Added test 'uncrustify' to check C / C++ code style
[3.734s] -- Configured uncrustify additional arguments: 
[3.750s] -- Added test 'xmllint' to check XML markup files
[3.754s] -- Configuring done
[3.849s] -- Generating done
[3.860s] -- Build files have been written to: /home/blakepi/ros2_ws/build/robot_arm
[3.972s] [35m[1mConsolidate compiler generated dependencies of target servo_publisher_node[0m
[3.975s] [35m[1mConsolidate compiler generated dependencies of target bluetooth_node[0m
[4.039s] [ 16%] [32mBuilding CXX object CMakeFiles/servo_node.dir/src/servo_controller.cpp.o[0m
[4.121s] [ 50%] Built target servo_publisher_node
[4.147s] [ 83%] Built target bluetooth_node
[15.868s] [01m[K/home/blakepi/ros2_ws/src/robot_arm/src/servo_controller.cpp:89:23:[m[K [01;31m[Kerror: [m[Kâ€˜[01m[Krobot_arm[m[Kâ€™ was not declared in this scope
[15.869s]    89 |     rclcpp::Publisher<[01;31m[Krobot_arm[m[K::msg::ServoMotorState>::SharedPtr publisher_;
[15.869s]       |                       [01;31m[K^~~~~~~~~[m[K
[15.870s] [01m[K/home/blakepi/ros2_ws/src/robot_arm/src/servo_controller.cpp:89:54:[m[K [01;31m[Kerror: [m[Ktemplate argument 1 is invalid
[15.870s]    89 |     rclcpp::Publisher<robot_arm::msg::ServoMotorState[01;31m[K>[m[K::SharedPtr publisher_;
[15.870s]       |                                                      [01;31m[K^[m[K
[15.871s] [01m[K/home/blakepi/ros2_ws/src/robot_arm/src/servo_controller.cpp:89:57:[m[K [01;31m[Kerror: [m[Kexpected â€˜[01m[K;[m[Kâ€™ at end of member declaration
[15.871s]    89 |     rclcpp::Publisher<robot_arm::msg::ServoMotorState>::[01;31m[KSharedPtr[m[K publisher_;
[15.872s]       |                                                         [01;31m[K^~~~~~~~~[m[K
[15.872s]       |                                                                  [32m[K;[m[K
[15.876s] [01m[K/home/blakepi/ros2_ws/src/robot_arm/src/servo_controller.cpp:89:67:[m[K [01;31m[Kerror: [m[Kâ€˜[01m[Kpublisher_[m[Kâ€™ does not name a type; did you mean â€˜[01m[Krmw_publisher_t[m[Kâ€™?
[15.876s]    89 |     rclcpp::Publisher<robot_arm::msg::ServoMotorState>::SharedPtr [01;31m[Kpublisher_[m[K;
[15.877s]       |                                                                   [01;31m[K^~~~~~~~~~[m[K
[15.877s]       |                                                                   [32m[Krmw_publisher_t[m[K
[15.956s] [01m[K/home/blakepi/ros2_ws/src/robot_arm/src/servo_controller.cpp:[m[K In constructor â€˜[01m[KServoNode::ServoNode()[m[Kâ€™:
[15.959s] [01m[K/home/blakepi/ros2_ws/src/robot_arm/src/servo_controller.cpp:30:9:[m[K [01;31m[Kerror: [m[Kâ€˜[01m[Kpublisher_[m[Kâ€™ was not declared in this scope; did you mean â€˜[01m[Krmw_publisher_t[m[Kâ€™?
[15.962s]    30 |         [01;31m[Kpublisher_[m[K = this->create_publisher<robot_arm::msg::ServoMotorState>("", 0.0);
[15.966s]       |         [01;31m[K^~~~~~~~~~[m[K
[15.969s]       |         [32m[Krmw_publisher_t[m[K
[15.989s] [01m[K/home/blakepi/ros2_ws/src/robot_arm/src/servo_controller.cpp:30:45:[m[K [01;31m[Kerror: [m[Kâ€˜[01m[Krobot_arm[m[Kâ€™ was not declared in this scope
[15.992s]    30 |         publisher_ = this->create_publisher<[01;31m[Krobot_arm[m[K::msg::ServoMotorState>("", 0.0);
[15.995s]       |                                             [01;31m[K^~~~~~~~~[m[K
[15.998s] [01m[K/home/blakepi/ros2_ws/src/robot_arm/src/servo_controller.cpp:30:28:[m[K [01;31m[Kerror: [m[Kparse error in template argument list
[16.001s]    30 |         publisher_ = this->[01;31m[Kcreate_publisher<robot_arm::msg::ServoMotorState>[m[K("", 0.0);
[16.004s]       |                            [01;31m[K^~~~~~~~~~~~~~~~~~~~~~~~~~~~~~~~~~~~~~~~~~~~~~~~~[m[K
[16.007s] [01m[K/home/blakepi/ros2_ws/src/robot_arm/src/servo_controller.cpp:30:77:[m[K [01;31m[Kerror: [m[Kno matching function for call to â€˜[01m[KServoNode::create_publisher<<expression error> >(const char [1], double)[m[Kâ€™
[16.010s]    30 |         publisher_ = [01;31m[Kthis->create_publisher<robot_arm::msg::ServoMotorState>("", 0.0)[m[K;
[16.015s]       |                      [01;31m[K~~~~~~~~~~~~~~~~~~~~~~~~~~~~~~~~~~~~~~~~~~~~~~~~~~~~~~~^~~~~~~~~[m[K
[16.018s] In file included from [01m[K/opt/ros/humble/include/rclcpp/rclcpp/executors/single_threaded_executor.hpp:28[m[K,
[16.023s]                  from [01m[K/opt/ros/humble/include/rclcpp/rclcpp/executors.hpp:22[m[K,
[16.027s]                  from [01m[K/opt/ros/humble/include/rclcpp/rclcpp/rclcpp.hpp:155[m[K,
[16.029s]                  from [01m[K/home/blakepi/ros2_ws/src/robot_arm/src/servo_controller.cpp:1[m[K:
[16.032s] [01m[K/opt/ros/humble/include/rclcpp/rclcpp/node.hpp:195:3:[m[K [01;36m[Knote: [m[Kcandidate: â€˜[01m[Ktemplate<class MessageT, class AllocatorT, class PublisherT> std::shared_ptr<PublisherT> rclcpp::Node::create_publisher(const string&, const rclcpp::QoS&, const rclcpp::PublisherOptionsWithAllocator<AllocatorT>&)[m[Kâ€™
[16.036s]   195 |   [01;36m[Kcreate_publisher[m[K(
[16.038s]       |   [01;36m[K^~~~~~~~~~~~~~~~[m[K
[16.041s] [01m[K/opt/ros/humble/include/rclcpp/rclcpp/node.hpp:195:3:[m[K [01;36m[Knote: [m[K  template argument deduction/substitution failed:
[16.043s] [01m[K/home/blakepi/ros2_ws/src/robot_arm/src/servo_controller.cpp:30:77:[m[K [01;31m[Kerror: [m[Ktemplate argument 1 is invalid
[16.046s]    30 |         publisher_ = [01;31m[Kthis->create_publisher<robot_arm::msg::ServoMotorState>("", 0.0)[m[K;
[16.048s]       |                      [01;31m[K~~~~~~~~~~~~~~~~~~~~~~~~~~~~~~~~~~~~~~~~~~~~~~~~~~~~~~~^~~~~~~~~[m[K
[16.051s] In file included from [01m[K/opt/ros/humble/include/rclcpp/rclcpp/logging.hpp:24[m[K,
[16.053s]                  from [01m[K/opt/ros/humble/include/rclcpp/rclcpp/client.hpp:40[m[K,
[16.057s]                  from [01m[K/opt/ros/humble/include/rclcpp/rclcpp/callback_group.hpp:24[m[K,
[16.060s]                  from [01m[K/opt/ros/humble/include/rclcpp/rclcpp/any_executable.hpp:20[m[K,
[16.063s]                  from [01m[K/opt/ros/humble/include/rclcpp/rclcpp/memory_strategy.hpp:25[m[K,
[16.066s]                  from [01m[K/opt/ros/humble/include/rclcpp/rclcpp/memory_strategies.hpp:18[m[K,
[16.067s]                  from [01m[K/opt/ros/humble/include/rclcpp/rclcpp/executor_options.hpp:20[m[K,
[16.070s]                  from [01m[K/opt/ros/humble/include/rclcpp/rclcpp/executor.hpp:37[m[K,
[16.073s]                  from [01m[K/opt/ros/humble/include/rclcpp/rclcpp/executors/multi_threaded_executor.hpp:25[m[K,
[16.076s]                  from [01m[K/opt/ros/humble/include/rclcpp/rclcpp/executors.hpp:21[m[K,
[16.078s]                  from [01m[K/opt/ros/humble/include/rclcpp/rclcpp/rclcpp.hpp:155[m[K,
[16.078s]                  from [01m[K/home/blakepi/ros2_ws/src/robot_arm/src/servo_controller.cpp:1[m[K:
[16.079s] [01m[K/home/blakepi/ros2_ws/src/robot_arm/src/servo_controller.cpp:[m[K In member function â€˜[01m[Kvoid ServoNode::adjustServo(std::string, int, double)[m[Kâ€™:
[16.080s] [01m[K/home/blakepi/ros2_ws/src/robot_arm/src/servo_controller.cpp:72:41:[m[K [01;35m[Kwarning: [m[Kformat â€˜[01m[K%s[m[Kâ€™ expects argument of type â€˜[01m[Kchar*[m[Kâ€™, but argument 5 has type â€˜[01m[Kstd::string[m[Kâ€™ {aka â€˜[01m[Kstd::__cxx11::basic_string<char>[m[Kâ€™} [[01;35m[K]8;;https://gcc.gnu.org/onlinedocs/gcc/Warning-Options.html#index-Wformat=-Wformat=]8;;[m[K]
[16.080s]    72 |         RCLCPP_INFO(this->get_logger(), [01;35m[K"Adjusting servo %s to PWM value: %d"[m[K, servo_name, position);
[16.081s]       |                                         [01;35m[K^~~~~~~~~~~~~~~~~~~~~~~~~~~~~~~~~~~~~[m[K
[16.081s] [01m[K/home/blakepi/ros2_ws/src/robot_arm/src/servo_controller.cpp:72:59:[m[K [01;36m[Knote: [m[Kformat string is defined here
[16.082s]    72 |         RCLCPP_INFO(this->get_logger(), "Adjusting servo [01;36m[K%s[m[K to PWM value: %d", servo_name, position);
[16.083s]       |                                                          [01;36m[K~^[m[K
[16.083s]       |                                                           [01;36m[K|[m[K
[16.084s]       |                                                           [01;36m[Kchar*[m[K
[16.085s] In file included from [01m[K/opt/ros/humble/include/rclcpp/rclcpp/logging.hpp:24[m[K,
[16.085s]                  from [01m[K/opt/ros/humble/include/rclcpp/rclcpp/client.hpp:40[m[K,
[16.085s]                  from [01m[K/opt/ros/humble/include/rclcpp/rclcpp/callback_group.hpp:24[m[K,
[16.086s]                  from [01m[K/opt/ros/humble/include/rclcpp/rclcpp/any_executable.hpp:20[m[K,
[16.087s]                  from [01m[K/opt/ros/humble/include/rclcpp/rclcpp/memory_strategy.hpp:25[m[K,
[16.088s]                  from [01m[K/opt/ros/humble/include/rclcpp/rclcpp/memory_strategies.hpp:18[m[K,
[16.088s]                  from [01m[K/opt/ros/humble/include/rclcpp/rclcpp/executor_options.hpp:20[m[K,
[16.089s]                  from [01m[K/opt/ros/humble/include/rclcpp/rclcpp/executor.hpp:37[m[K,
[16.090s]                  from [01m[K/opt/ros/humble/include/rclcpp/rclcpp/executors/multi_threaded_executor.hpp:25[m[K,
[16.090s]                  from [01m[K/opt/ros/humble/include/rclcpp/rclcpp/executors.hpp:21[m[K,
[16.091s]                  from [01m[K/opt/ros/humble/include/rclcpp/rclcpp/rclcpp.hpp:155[m[K,
[16.091s]                  from [01m[K/home/blakepi/ros2_ws/src/robot_arm/src/servo_controller.cpp:1[m[K:
[16.092s] [01m[K/home/blakepi/ros2_ws/src/robot_arm/src/servo_controller.cpp:72:41:[m[K [01;35m[Kwarning: [m[Kformat â€˜[01m[K%d[m[Kâ€™ expects argument of type â€˜[01m[Kint[m[Kâ€™, but argument 6 has type â€˜[01m[Kdouble[m[Kâ€™ [[01;35m[K]8;;https://gcc.gnu.org/onlinedocs/gcc/Warning-Options.html#index-Wformat=-Wformat=]8;;[m[K]
[16.092s]    72 |         RCLCPP_INFO(this->get_logger(), [01;35m[K"Adjusting servo %s to PWM value: %d"[m[K, servo_name, [32m[Kposition[m[K);
[16.093s]       |                                         [01;35m[K^~~~~~~~~~~~~~~~~~~~~~~~~~~~~~~~~~~~~[m[K              [32m[K~~~~~~~~[m[K
[16.094s]       |                                                                                            [32m[K|[m[K
[16.094s]       |                                                                                            [32m[Kdouble[m[K
[16.095s] [01m[K/home/blakepi/ros2_ws/src/robot_arm/src/servo_controller.cpp:72:76:[m[K [01;36m[Knote: [m[Kformat string is defined here
[16.095s]    72 |         RCLCPP_INFO(this->get_logger(), "Adjusting servo %s to PWM value: [01;36m[K%d[m[K", servo_name, position);
[16.096s]       |                                                                           [01;36m[K~^[m[K
[16.096s]       |                                                                            [01;36m[K|[m[K
[16.097s]       |                                                                            [01;36m[Kint[m[K
[16.097s]       |                                                                           [32m[K%f[m[K
[16.098s] [01m[K/home/blakepi/ros2_ws/src/robot_arm/src/servo_controller.cpp:[m[K In member function â€˜[01m[Kvoid ServoNode::publish_servo_motor_state_change(std::string, double)[m[Kâ€™:
[16.099s] [01m[K/home/blakepi/ros2_ws/src/robot_arm/src/servo_controller.cpp:81:24:[m[K [01;31m[Kerror: [m[Kâ€˜[01m[Kmy_robot_msgs[m[Kâ€™ has not been declared
[16.099s]    81 |         auto message = [01;31m[Kmy_robot_msgs[m[K::msg::ServoMotorState(servo_name, value);
[16.100s]       |                        [01;31m[K^~~~~~~~~~~~~[m[K
[16.100s] [01m[K/home/blakepi/ros2_ws/src/robot_arm/src/servo_controller.cpp:83:9:[m[K [01;31m[Kerror: [m[Kâ€˜[01m[Kpublisher_[m[Kâ€™ was not declared in this scope; did you mean â€˜[01m[Krmw_publisher_t[m[Kâ€™?
[16.101s]    83 |         [01;31m[Kpublisher_[m[K->publish(message);
[16.101s]       |         [01;31m[K^~~~~~~~~~[m[K
[16.102s]       |         [32m[Krmw_publisher_t[m[K
[24.949s] gmake[2]: *** [CMakeFiles/servo_node.dir/build.make:76: CMakeFiles/servo_node.dir/src/servo_controller.cpp.o] Error 1
[24.950s] gmake[1]: *** [CMakeFiles/Makefile2:167: CMakeFiles/servo_node.dir/all] Error 2
[24.950s] gmake: *** [Makefile:146: all] Error 2
[24.956s] Invoked command in '/home/blakepi/ros2_ws/build/robot_arm' returned '2': AMENT_PREFIX_PATH=/home/blakepi/ros2_ws/install/interface:${AMENT_PREFIX_PATH} CMAKE_PREFIX_PATH=/home/blakepi/ros2_ws/install/interface:/home/blakepi/ros2_ws/install/robot_arm:/home/blakepi/ros2_ws/install/python_pkgs:/opt/ros/humble LD_LIBRARY_PATH=/home/blakepi/ros2_ws/install/interface/lib:${LD_LIBRARY_PATH} PYTHONPATH=/home/blakepi/ros2_ws/install/interface/local/lib/python3.10/dist-packages:${PYTHONPATH} /usr/bin/cmake --build /home/blakepi/ros2_ws/build/robot_arm -- -j4 -l4
