[35m[1mConsolidate compiler generated dependencies of target bluetooth_node[0m
[ 33%] Built target servo_publisher_node
[ 66%] Built target servo_node
[ 83%] [32mBuilding CXX object CMakeFiles/bluetooth_node.dir/src/bluetooth_node.cpp.o[0m
[01m[K/home/blakepi/ros2_ws/src/robot_arm/src/bluetooth_node.cpp:35:39:[m[K [01;35m[Kwarning: [m[Kmissing initializer for member â€˜[01m[Ksockaddr_rc::rc_bdaddr[m[Kâ€™ [[01;35m[K]8;;https://gcc.gnu.org/onlinedocs/gcc/Warning-Options.html#index-Wmissing-field-initializers-Wmissing-field-initializers]8;;[m[K]
   35 |     struct sockaddr_rc rem_addr = { 0 [01;35m[K}[m[K;
      |                                       [01;35m[K^[m[K
[01m[K/home/blakepi/ros2_ws/src/robot_arm/src/bluetooth_node.cpp:35:39:[m[K [01;35m[Kwarning: [m[Kmissing initializer for member â€˜[01m[Ksockaddr_rc::rc_channel[m[Kâ€™ [[01;35m[K]8;;https://gcc.gnu.org/onlinedocs/gcc/Warning-Options.html#index-Wmissing-field-initializers-Wmissing-field-initializers]8;;[m[K]
[01m[K/home/blakepi/ros2_ws/src/robot_arm/src/bluetooth_node.cpp:[m[K In member function â€˜[01m[Kvoid BluetoothNode::initializeBluetooth()[m[Kâ€™:
[01m[K/home/blakepi/ros2_ws/src/robot_arm/src/bluetooth_node.cpp:80:45:[m[K [01;35m[Kwarning: [m[Kmissing initializer for member â€˜[01m[Ksockaddr_rc::rc_bdaddr[m[Kâ€™ [[01;35m[K]8;;https://gcc.gnu.org/onlinedocs/gcc/Warning-Options.html#index-Wmissing-field-initializers-Wmissing-field-initializers]8;;[m[K]
   80 |         struct sockaddr_rc local_addr = { 0 [01;35m[K}[m[K;
      |                                             [01;35m[K^[m[K
[01m[K/home/blakepi/ros2_ws/src/robot_arm/src/bluetooth_node.cpp:80:45:[m[K [01;35m[Kwarning: [m[Kmissing initializer for member â€˜[01m[Ksockaddr_rc::rc_channel[m[Kâ€™ [[01;35m[K]8;;https://gcc.gnu.org/onlinedocs/gcc/Warning-Options.html#index-Wmissing-field-initializers-Wmissing-field-initializers]8;;[m[K]
[01m[K/home/blakepi/ros2_ws/src/robot_arm/src/bluetooth_node.cpp:105:5:[m[K [01;31m[Kerror: [m[Kexpected â€˜[01m[K;[m[Kâ€™ before â€˜[01m[K}[m[Kâ€™ token
  105 |     [01;31m[K}[m[K
      |     [01;31m[K^[m[K
gmake[2]: *** [CMakeFiles/bluetooth_node.dir/build.make:76: CMakeFiles/bluetooth_node.dir/src/bluetooth_node.cpp.o] Error 1
gmake[1]: *** [CMakeFiles/Makefile2:193: CMakeFiles/bluetooth_node.dir/all] Error 2
gmake: *** [Makefile:146: all] Error 2
