[0.056s] Invoking command in '/home/blakepi/ros2_ws/build/robot_arm': CMAKE_PREFIX_PATH=${CMAKE_PREFIX_PATH}:/opt/ros/humble /usr/bin/cmake --build /home/blakepi/ros2_ws/build/robot_arm -- -j4 -l4
[0.150s] -- Found ament_cmake: 1.3.9 (/opt/ros/humble/share/ament_cmake/cmake)
[0.684s] -- Found rclcpp: 16.0.9 (/opt/ros/humble/share/rclcpp/cmake)
[0.814s] -- Found rosidl_generator_c: 3.1.5 (/opt/ros/humble/share/rosidl_generator_c/cmake)
[0.825s] -- Found rosidl_adapter: 3.1.5 (/opt/ros/humble/share/rosidl_adapter/cmake)
[0.849s] -- Found rosidl_generator_cpp: 3.1.5 (/opt/ros/humble/share/rosidl_generator_cpp/cmake)
[0.892s] -- Using all available rosidl_typesupport_c: rosidl_typesupport_fastrtps_c;rosidl_typesupport_introspection_c
[0.954s] -- Using all available rosidl_typesupport_cpp: rosidl_typesupport_fastrtps_cpp;rosidl_typesupport_introspection_cpp
[1.192s] -- Found rmw_implementation_cmake: 6.1.2 (/opt/ros/humble/share/rmw_implementation_cmake/cmake)
[1.199s] -- Found rmw_fastrtps_cpp: 6.2.6 (/opt/ros/humble/share/rmw_fastrtps_cpp/cmake)
[1.714s] -- Using RMW implementation 'rmw_fastrtps_cpp' as default
[2.310s] -- Found ament_lint_auto: 0.12.11 (/opt/ros/humble/share/ament_lint_auto/cmake)
[2.750s] -- Added test 'cppcheck' to perform static code analysis on C / C++ code
[2.752s] -- Configured cppcheck include dirs: /home/blakepi/ros2_ws/src/robot_arm/include
[2.753s] -- Configured cppcheck exclude dirs and/or files: 
[2.769s] -- Added test 'flake8' to check Python code syntax and style conventions
[2.800s] -- Added test 'lint_cmake' to check CMake code style
[2.817s] -- Added test 'pep257' to check Python code against some of the docstring style conventions in PEP 257
[2.936s] -- Added test 'uncrustify' to check C / C++ code style
[2.936s] -- Configured uncrustify additional arguments: 
[2.952s] -- Added test 'xmllint' to check XML markup files
[2.960s] -- Configuring done
[3.056s] -- Generating done
[3.066s] -- Build files have been written to: /home/blakepi/ros2_ws/build/robot_arm
[3.167s] [35m[1mConsolidate compiler generated dependencies of target servo_publisher_node[0m
[3.167s] [35m[1mConsolidate compiler generated dependencies of target servo_node[0m
[3.170s] [35m[1mConsolidate compiler generated dependencies of target bluetooth_node[0m
[3.263s] [ 33%] Built target servo_publisher_node
[3.275s] [ 66%] Built target servo_node
[3.287s] [ 83%] [32mBuilding CXX object CMakeFiles/bluetooth_node.dir/src/bluetooth_node.cpp.o[0m
[4.741s] [01m[K/home/blakepi/ros2_ws/src/robot_arm/src/bluetooth_node.cpp:10:10:[m[K [01;31m[Kfatal error: [m[Kdbus/dbus.h: No such file or directory
[4.741s]    10 | #include [01;31m[K<dbus/dbus.h>[m[K
[4.741s]       |          [01;31m[K^~~~~~~~~~~~~[m[K
[4.742s] compilation terminated.
[4.795s] gmake[2]: *** [CMakeFiles/bluetooth_node.dir/build.make:76: CMakeFiles/bluetooth_node.dir/src/bluetooth_node.cpp.o] Error 1
[4.796s] gmake[1]: *** [CMakeFiles/Makefile2:193: CMakeFiles/bluetooth_node.dir/all] Error 2
[4.798s] gmake: *** [Makefile:146: all] Error 2
[4.806s] Invoked command in '/home/blakepi/ros2_ws/build/robot_arm' returned '2': CMAKE_PREFIX_PATH=${CMAKE_PREFIX_PATH}:/opt/ros/humble /usr/bin/cmake --build /home/blakepi/ros2_ws/build/robot_arm -- -j4 -l4
