[35m[1mConsolidate compiler generated dependencies of target bluetooth_node[0m
[35m[1mConsolidate compiler generated dependencies of target servo_node[0m
[ 75%] Built target servo_node
[ 75%] [32mBuilding CXX object CMakeFiles/bluetooth_node.dir/src/bluetooth_node.cpp.o[0m
[01m[K/home/blakepi/ros2_ws/src/robot_arm/src/bluetooth_node.cpp:[m[K In function â€˜[01m[Kint main(int, char**)[m[Kâ€™:
[01m[K/home/blakepi/ros2_ws/src/robot_arm/src/bluetooth_node.cpp:15:13:[m[K [01;31m[Kerror: [m[Kexpected â€˜[01m[K;[m[Kâ€™ before â€˜[01m[K}[m[Kâ€™ token
   15 |     return 0
      |             [01;31m[K^[m[K
      |             [32m[K;[m[K
   16 | [32m[K}[m[K
      | [32m[K~[m[K            
gmake[2]: *** [CMakeFiles/bluetooth_node.dir/build.make:76: CMakeFiles/bluetooth_node.dir/src/bluetooth_node.cpp.o] Error 1
gmake[1]: *** [CMakeFiles/Makefile2:165: CMakeFiles/bluetooth_node.dir/all] Error 2
gmake: *** [Makefile:146: all] Error 2
