[0.057s] Invoking command in '/home/blakepi/ros2_ws/build/robot_arm': CMAKE_PREFIX_PATH=${CMAKE_PREFIX_PATH}:/opt/ros/humble /usr/bin/cmake --build /home/blakepi/ros2_ws/build/robot_arm -- -j4 -l4
[0.221s] [35m[1mConsolidate compiler generated dependencies of target bluetooth_node[0m
[0.231s] [35m[1mConsolidate compiler generated dependencies of target servo_node[0m
[0.376s] [ 75%] Built target servo_node
[0.380s] [ 75%] [32mBuilding CXX object CMakeFiles/bluetooth_node.dir/src/bluetooth_node.cpp.o[0m
[11.152s] [01m[K/home/blakepi/ros2_ws/src/robot_arm/src/bluetooth_node.cpp:[m[K In function â€˜[01m[Kint main(int, char**)[m[Kâ€™:
[11.153s] [01m[K/home/blakepi/ros2_ws/src/robot_arm/src/bluetooth_node.cpp:15:13:[m[K [01;31m[Kerror: [m[Kexpected â€˜[01m[K;[m[Kâ€™ before â€˜[01m[K}[m[Kâ€™ token
[11.153s]    15 |     return 0
[11.154s]       |             [01;31m[K^[m[K
[11.155s]       |             [32m[K;[m[K
[11.155s]    16 | [32m[K}[m[K
[11.156s]       | [32m[K~[m[K            
[12.722s] gmake[2]: *** [CMakeFiles/bluetooth_node.dir/build.make:76: CMakeFiles/bluetooth_node.dir/src/bluetooth_node.cpp.o] Error 1
[12.723s] gmake[1]: *** [CMakeFiles/Makefile2:165: CMakeFiles/bluetooth_node.dir/all] Error 2
[12.724s] gmake: *** [Makefile:146: all] Error 2
[12.730s] Invoked command in '/home/blakepi/ros2_ws/build/robot_arm' returned '2': CMAKE_PREFIX_PATH=${CMAKE_PREFIX_PATH}:/opt/ros/humble /usr/bin/cmake --build /home/blakepi/ros2_ws/build/robot_arm -- -j4 -l4
