[35m[1mConsolidate compiler generated dependencies of target servo_node[0m
[ 33%] Built target servo_publisher_node
[ 66%] Built target bluetooth_node
[ 83%] [32mBuilding CXX object CMakeFiles/servo_node.dir/src/servo_controller.cpp.o[0m
[01m[K/home/blakepi/ros2_ws/src/robot_arm/src/servo_controller.cpp:[m[K In function â€˜[01m[Kint main(int, char**)[m[Kâ€™:
[01m[K/home/blakepi/ros2_ws/src/robot_arm/src/servo_controller.cpp:106:10:[m[K [01;31m[Kerror: [m[Kâ€˜[01m[Kclass std::shared_ptr<MultiServoController>[m[Kâ€™ has no member named â€˜[01m[Kinit_position[m[Kâ€™
  106 |     node.[01;31m[Kinit_position[m[K();
      |          [01;31m[K^~~~~~~~~~~~~[m[K
gmake[2]: *** [CMakeFiles/servo_node.dir/build.make:76: CMakeFiles/servo_node.dir/src/servo_controller.cpp.o] Error 1
gmake[1]: *** [CMakeFiles/Makefile2:167: CMakeFiles/servo_node.dir/all] Error 2
gmake: *** [Makefile:146: all] Error 2
