-- Found ament_cmake: 1.3.9 (/opt/ros/humble/share/ament_cmake/cmake)
-- Found rclcpp: 16.0.9 (/opt/ros/humble/share/rclcpp/cmake)
-- Found rosidl_generator_c: 3.1.5 (/opt/ros/humble/share/rosidl_generator_c/cmake)
-- Found rosidl_adapter: 3.1.5 (/opt/ros/humble/share/rosidl_adapter/cmake)
-- Found rosidl_generator_cpp: 3.1.5 (/opt/ros/humble/share/rosidl_generator_cpp/cmake)
-- Using all available rosidl_typesupport_c: rosidl_typesupport_fastrtps_c;rosidl_typesupport_introspection_c
-- Using all available rosidl_typesupport_cpp: rosidl_typesupport_fastrtps_cpp;rosidl_typesupport_introspection_cpp
-- Found rmw_implementation_cmake: 6.1.2 (/opt/ros/humble/share/rmw_implementation_cmake/cmake)
-- Found rmw_fastrtps_cpp: 6.2.6 (/opt/ros/humble/share/rmw_fastrtps_cpp/cmake)
-- Using RMW implementation 'rmw_fastrtps_cpp' as default
-- Found rosidl_default_generators: 1.2.0 (/opt/ros/humble/share/rosidl_default_generators/cmake)
-- Found ament_cmake_ros: 0.10.0 (/opt/ros/humble/share/ament_cmake_ros/cmake)
-- Using all available rosidl_typesupport_c: rosidl_typesupport_fastrtps_c;rosidl_typesupport_introspection_c
-- Using all available rosidl_typesupport_cpp: rosidl_typesupport_fastrtps_cpp;rosidl_typesupport_introspection_cpp
-- Found python_cmake_module: 0.10.0 (/opt/ros/humble/share/python_cmake_module/cmake)
-- Using PYTHON_EXECUTABLE: /usr/bin/python3
-- Using PYTHON_INCLUDE_DIRS: /usr/include/python3.10
-- Using PYTHON_LIBRARIES: /usr/lib/aarch64-linux-gnu/libpython3.10.so
-- Found ament_lint_auto: 0.12.11 (/opt/ros/humble/share/ament_lint_auto/cmake)
-- Added test 'cppcheck' to perform static code analysis on C / C++ code
-- Configured cppcheck include dirs: /home/blakepi/ros2_ws/src/robot_arm/include
-- Configured cppcheck exclude dirs and/or files: 
-- Added test 'flake8' to check Python code syntax and style conventions
-- Added test 'lint_cmake' to check CMake code style
-- Added test 'pep257' to check Python code against some of the docstring style conventions in PEP 257
-- Added test 'uncrustify' to check C / C++ code style
-- Configured uncrustify additional arguments: 
-- Added test 'xmllint' to check XML markup files
-- Configuring done
-- Generating done
-- Build files have been written to: /home/blakepi/ros2_ws/build/robot_arm
[35m[1mConsolidate compiler generated dependencies of target robot_arm__rosidl_generator_c[0m
[35m[1mConsolidate compiler generated dependencies of target servo_publisher_node[0m
[  2%] Built target robot_arm__cpp
[ 10%] Built target robot_arm__rosidl_generator_c
[35m[1mConsolidate compiler generated dependencies of target servo_node[0m
[ 10%] Built target ament_cmake_python_copy_robot_arm
[35m[1mConsolidate compiler generated dependencies of target bluetooth_node[0m
[ 16%] Built target servo_publisher_node
[35m[1mConsolidate compiler generated dependencies of target robot_arm__rosidl_typesupport_cpp[0m
[35m[1mConsolidate compiler generated dependencies of target robot_arm__rosidl_typesupport_fastrtps_c[0m
[ 18%] [32mBuilding CXX object CMakeFiles/servo_node.dir/src/servo_controller.cpp.o[0m
[ 24%] Built target bluetooth_node
[ 32%] Built target robot_arm__rosidl_typesupport_fastrtps_c
[ 40%] Built target robot_arm__rosidl_typesupport_cpp
[35m[1mConsolidate compiler generated dependencies of target robot_arm__rosidl_typesupport_fastrtps_cpp[0m
[ 43%] [34m[1mGenerating C type support dispatch for ROS interfaces[0m
[ 45%] [34m[1mGenerating C introspection for ROS interfaces[0m
[ 54%] Built target robot_arm__rosidl_typesupport_fastrtps_cpp
[ 56%] [34m[1mGenerating C++ introspection for ROS interfaces[0m
[ 59%] [32mBuilding C object CMakeFiles/robot_arm__rosidl_typesupport_introspection_c.dir/rosidl_typesupport_introspection_c/robot_arm/msg/detail/servo_motor_state__type_support.c.o[0m
[ 62%] [32mBuilding CXX object CMakeFiles/robot_arm__rosidl_typesupport_c.dir/rosidl_typesupport_c/robot_arm/msg/servo_motor_state__type_support.cpp.o[0m
[01m[K/home/blakepi/ros2_ws/src/robot_arm/src/servo_controller.cpp:8:10:[m[K [01;31m[Kfatal error: [m[Krobot_arm/msg/servo_motor_state.hpp: No such file or directory
    8 | #include [01;31m[K"robot_arm/msg/servo_motor_state.hpp"[m[K
      |          [01;31m[K^~~~~~~~~~~~~~~~~~~~~~~~~~~~~~~~~~~~~[m[K
compilation terminated.
gmake[2]: *** [CMakeFiles/servo_node.dir/build.make:76: CMakeFiles/servo_node.dir/src/servo_controller.cpp.o] Error 1
gmake[1]: *** [CMakeFiles/Makefile2:622: CMakeFiles/servo_node.dir/all] Error 2
gmake[1]: *** Waiting for unfinished jobs....
[ 64%] [32mBuilding CXX object CMakeFiles/robot_arm__rosidl_typesupport_introspection_cpp.dir/rosidl_typesupport_introspection_cpp/robot_arm/msg/detail/servo_motor_state__type_support.cpp.o[0m
[ 67%] [32m[1mLinking CXX shared library librobot_arm__rosidl_typesupport_c.so[0m
[ 67%] Built target robot_arm__rosidl_typesupport_c
[ 70%] [32m[1mLinking C shared library librobot_arm__rosidl_typesupport_introspection_c.so[0m
[ 70%] Built target robot_arm__rosidl_typesupport_introspection_c
[ 72%] [32m[1mLinking CXX shared library librobot_arm__rosidl_typesupport_introspection_cpp.so[0m
[ 72%] Built target robot_arm__rosidl_typesupport_introspection_cpp
gmake: *** [Makefile:146: all] Error 2
