[0.079s] Invoking command in '/home/blakepi/ros2_ws/build/robot_arm': CMAKE_PREFIX_PATH=/home/blakepi/ros2_ws/install/interface:/home/blakepi/ros2_ws/install/robot_arm:/home/blakepi/ros2_ws/install/python_pkgs:/opt/ros/humble /usr/bin/cmake --build /home/blakepi/ros2_ws/build/robot_arm -- -j4 -l4
[0.379s] [35m[1mConsolidate compiler generated dependencies of target bluetooth_node[0m
[0.557s] [ 50%] Built target servo_node
[0.660s] [ 50%] Built target ament_cmake_python_copy_robot_arm
[0.661s] [ 75%] [32mBuilding CXX object CMakeFiles/bluetooth_node.dir/src/cpp/bluetooth_node.cpp.o[0m
[2.777s] running egg_info
[2.786s] writing robot_arm.egg-info/PKG-INFO
[2.787s] writing dependency_links to robot_arm.egg-info/dependency_links.txt
[2.788s] writing top-level names to robot_arm.egg-info/top_level.txt
[2.802s] reading manifest file 'robot_arm.egg-info/SOURCES.txt'
[2.805s] writing manifest file 'robot_arm.egg-info/SOURCES.txt'
[2.961s] [ 75%] Built target ament_cmake_python_build_robot_arm_egg
[22.304s] [01m[K/home/blakepi/ros2_ws/src/robot_arm/src/cpp/bluetooth_node.cpp:57:39:[m[K [01;35m[Kwarning: [m[Kmissing initializer for member â€˜[01m[Ksockaddr_rc::rc_bdaddr[m[Kâ€™ [[01;35m[K]8;;https://gcc.gnu.org/onlinedocs/gcc/Warning-Options.html#index-Wmissing-field-initializers-Wmissing-field-initializers]8;;[m[K]
[22.305s]    57 |     struct sockaddr_rc rem_addr = { 0 [01;35m[K}[m[K;
[22.306s]       |                                       [01;35m[K^[m[K
[22.309s] [01m[K/home/blakepi/ros2_ws/src/robot_arm/src/cpp/bluetooth_node.cpp:57:39:[m[K [01;35m[Kwarning: [m[Kmissing initializer for member â€˜[01m[Ksockaddr_rc::rc_channel[m[Kâ€™ [[01;35m[K]8;;https://gcc.gnu.org/onlinedocs/gcc/Warning-Options.html#index-Wmissing-field-initializers-Wmissing-field-initializers]8;;[m[K]
[22.346s] [01m[K/home/blakepi/ros2_ws/src/robot_arm/src/cpp/bluetooth_node.cpp:[m[K In member function â€˜[01m[Kvoid BluetoothNode::initializeBluetooth()[m[Kâ€™:
[22.346s] [01m[K/home/blakepi/ros2_ws/src/robot_arm/src/cpp/bluetooth_node.cpp:82:45:[m[K [01;35m[Kwarning: [m[Kmissing initializer for member â€˜[01m[Ksockaddr_rc::rc_bdaddr[m[Kâ€™ [[01;35m[K]8;;https://gcc.gnu.org/onlinedocs/gcc/Warning-Options.html#index-Wmissing-field-initializers-Wmissing-field-initializers]8;;[m[K]
[22.350s]    82 |         struct sockaddr_rc local_addr = { 0 [01;35m[K}[m[K;
[22.351s]       |                                             [01;35m[K^[m[K
[22.352s] [01m[K/home/blakepi/ros2_ws/src/robot_arm/src/cpp/bluetooth_node.cpp:82:45:[m[K [01;35m[Kwarning: [m[Kmissing initializer for member â€˜[01m[Ksockaddr_rc::rc_channel[m[Kâ€™ [[01;35m[K]8;;https://gcc.gnu.org/onlinedocs/gcc/Warning-Options.html#index-Wmissing-field-initializers-Wmissing-field-initializers]8;;[m[K]
[22.390s] [01m[K/home/blakepi/ros2_ws/src/robot_arm/src/cpp/bluetooth_node.cpp:[m[K In member function â€˜[01m[Kvoid BluetoothNode::distanceSubscriptionCallback(std_msgs::msg::Float32)[m[Kâ€™:
[22.391s] [01m[K/home/blakepi/ros2_ws/src/robot_arm/src/cpp/bluetooth_node.cpp:207:9:[m[K [01;31m[Kerror: [m[Kexpected â€˜[01m[K,[m[Kâ€™ or â€˜[01m[K;[m[Kâ€™ before â€˜[01m[Kuint8_t[m[Kâ€™
[22.392s]   207 |         [01;31m[Kuint8_t[m[K messageType = DISTAN;
[22.393s]       |         [01;31m[K^~~~~~~[m[K
[22.469s] [01m[K/home/blakepi/ros2_ws/src/robot_arm/src/cpp/bluetooth_node.cpp:208:28:[m[K [01;31m[Kerror: [m[Kâ€˜[01m[KmessageType[m[Kâ€™ was not declared in this scope
[22.470s]   208 |         send(client_sock, &[01;31m[KmessageType[m[K, 1, 0);
[22.471s]       |                            [01;31m[K^~~~~~~~~~~[m[K
[39.323s] gmake[2]: *** [CMakeFiles/bluetooth_node.dir/build.make:76: CMakeFiles/bluetooth_node.dir/src/cpp/bluetooth_node.cpp.o] Error 1
[39.324s] gmake[1]: *** [CMakeFiles/Makefile2:168: CMakeFiles/bluetooth_node.dir/all] Error 2
[39.326s] gmake: *** [Makefile:146: all] Error 2
[39.335s] Invoked command in '/home/blakepi/ros2_ws/build/robot_arm' returned '2': CMAKE_PREFIX_PATH=/home/blakepi/ros2_ws/install/interface:/home/blakepi/ros2_ws/install/robot_arm:/home/blakepi/ros2_ws/install/python_pkgs:/opt/ros/humble /usr/bin/cmake --build /home/blakepi/ros2_ws/build/robot_arm -- -j4 -l4
